01 02 2025 - 20:14 - DEBUG - Созданы списки id и key, [547089394, 881653349]
01 02 2025 - 20:14 - INFO - определяется поле last_order
01 02 2025 - 20:14 - DEBUG - Проход по ссылке https://statistics-api.wildberries.ru/api/v1/supplier/orders?dateFrom=2025-01-31&flag=0
01 02 2025 - 20:14 - DEBUG - Получены данные из функции get_data, список srid []
01 02 2025 - 20:14 - DEBUG - получены данные для проверки новых
01 02 2025 - 20:14 - DEBUG - поменяли направление
01 02 2025 - 20:14 - INFO - получен список srid []
01 02 2025 - 20:14 - DEBUG - подключаемся к БД
01 02 2025 - 20:14 - INFO - получены данные из БД  ('57b0d0c4fd054cb48e1d2cd754c06279', '24645758101650163.0.1', 547089394)
01 02 2025 - 20:14 - DEBUG - last_srid 57b0d0c4fd054cb48e1d2cd754c06279
01 02 2025 - 20:14 - INFO - Новых данных нет
01 02 2025 - 20:14 - INFO - определяется поле last_sale
01 02 2025 - 20:14 - DEBUG - Проход по ссылке https://statistics-api.wildberries.ru/api/v1/supplier/sales?dateFrom=2025-01-31&flag=0
01 02 2025 - 20:14 - DEBUG - Получены данные из функции get_data, список srid []
01 02 2025 - 20:14 - DEBUG - получены данные для проверки новых
01 02 2025 - 20:14 - DEBUG - поменяли направление
01 02 2025 - 20:14 - INFO - получен список srid []
01 02 2025 - 20:14 - DEBUG - подключаемся к БД
01 02 2025 - 20:14 - INFO - получены данные из БД  ('57b0d0c4fd054cb48e1d2cd754c06279', '24645758101650163.0.1', 547089394)
01 02 2025 - 20:14 - DEBUG - last_srid 24645758101650163.0.1
01 02 2025 - 20:14 - INFO - Новых данных нет
01 02 2025 - 20:14 - INFO - определяется поле last_order
01 02 2025 - 20:14 - DEBUG - Проход по ссылке https://statistics-api.wildberries.ru/api/v1/supplier/orders?dateFrom=2025-01-31&flag=0
01 02 2025 - 20:14 - DEBUG - Получены данные из функции get_data, список srid []
01 02 2025 - 20:14 - DEBUG - получены данные для проверки новых
01 02 2025 - 20:14 - DEBUG - поменяли направление
01 02 2025 - 20:14 - INFO - получен список srid []
01 02 2025 - 20:14 - DEBUG - подключаемся к БД
01 02 2025 - 20:14 - INFO - получены данные из БД  ('5509349393041420864.0.0', 'dx.ie160f8cd44f8a1e97d90921697a96ffd.0.0', 881653349)
01 02 2025 - 20:14 - DEBUG - last_srid 5509349393041420864.0.0
01 02 2025 - 20:14 - INFO - Новых данных нет
01 02 2025 - 20:14 - INFO - определяется поле last_sale
01 02 2025 - 20:14 - DEBUG - Проход по ссылке https://statistics-api.wildberries.ru/api/v1/supplier/sales?dateFrom=2025-01-31&flag=0
01 02 2025 - 20:14 - DEBUG - Получены данные из функции get_data, список srid []
01 02 2025 - 20:14 - DEBUG - получены данные для проверки новых
01 02 2025 - 20:14 - DEBUG - поменяли направление
01 02 2025 - 20:14 - INFO - получен список srid []
01 02 2025 - 20:14 - DEBUG - подключаемся к БД
01 02 2025 - 20:14 - INFO - получены данные из БД  ('5509349393041420864.0.0', 'dx.ie160f8cd44f8a1e97d90921697a96ffd.0.0', 881653349)
01 02 2025 - 20:14 - DEBUG - last_srid dx.ie160f8cd44f8a1e97d90921697a96ffd.0.0
01 02 2025 - 20:14 - INFO - Новых данных нет
01 02 2025 - 20:15 - DEBUG - Команда help
01 02 2025 - 20:15 - DEBUG - Команда help
01 02 2025 - 20:15 - DEBUG - Подключаемся к БД для получения ключа от 547089394
01 02 2025 - 20:15 - DEBUG - Проход по ссылке https://statistics-api.wildberries.ru/api/v1/supplier/stocks?dateFrom=2023-02-02&flag=0
01 02 2025 - 20:15 - WARNING - Пользователь ввел некорректный артикул invalid literal for int() with base 10: 'ewsdf'
01 02 2025 - 20:15 - INFO - Получено сообщение от пользователя без команды
01 02 2025 - 20:15 - DEBUG - Получены данные из функции get_data, список stocks ['Электросталь', 'Тула', 'Коледино', 'Новосибирск']
01 02 2025 - 20:15 - DEBUG - начинаем поиск артикулов
01 02 2025 - 20:15 - DEBUG - формируем ответ
01 02 2025 - 20:15 - DEBUG - отправляем ответ
01 02 2025 - 20:15 - DEBUG - Подключаемся к БД для получения ключа от 547089394
01 02 2025 - 20:15 - INFO - Проверяем склады
01 02 2025 - 20:15 - DEBUG - Проход по ссылке https://statistics-api.wildberries.ru/api/v1/supplier/stocks?dateFrom=2023-02-02&flag=0
01 02 2025 - 20:15 - DEBUG - Получены данные из функции get_data, список stocks ['Электросталь', 'Тула', 'Коледино', 'Новосибирск']
01 02 2025 - 20:15 - DEBUG - Формируем сообщение
01 02 2025 - 20:15 - INFO - Отправляем сообщение
01 02 2025 - 20:16 - DEBUG - Подключаемся к БД для получения ключа от 547089394
01 02 2025 - 20:16 - DEBUG - Проход по ссылке https://statistics-api.wildberries.ru/api/v1/supplier/orders?dateFrom=2025-01-31&flag=0
01 02 2025 - 20:16 - DEBUG - Получены данные из функции get_data, список srid []
01 02 2025 - 20:16 - DEBUG - Данные для сортировки отказов за Сегодня []
01 02 2025 - 20:16 - DEBUG - Отказы за Сегодня []
01 02 2025 - 20:16 - DEBUG - Проход по ссылке https://statistics-api.wildberries.ru/api/v1/supplier/sales?dateFrom=2025-02-01&flag=1
01 02 2025 - 20:16 - DEBUG - Получены данные из функции get_data, список srid []
01 02 2025 - 20:16 - DEBUG - Продажи за Сегодня []
01 02 2025 - 20:16 - DEBUG - Проход по ссылке https://statistics-api.wildberries.ru/api/v1/supplier/orders?dateFrom=2025-02-01&flag=1
01 02 2025 - 20:16 - DEBUG - Получены данные из функции get_data, список srid []
01 02 2025 - 20:16 - DEBUG - Команда help
01 02 2025 - 20:16 - DEBUG - Подключаемся к БД для получения ключа от 547089394
01 02 2025 - 20:16 - DEBUG - Проход по ссылке https://statistics-api.wildberries.ru/api/v1/supplier/orders?dateFrom=2025-01-30&flag=0
01 02 2025 - 20:16 - DEBUG - Получены данные из функции get_data, список srid []
01 02 2025 - 20:16 - DEBUG - Данные для сортировки отказов за Вчера []
01 02 2025 - 20:16 - DEBUG - Отказы за Вчера []
01 02 2025 - 20:16 - DEBUG - Проход по ссылке https://statistics-api.wildberries.ru/api/v1/supplier/sales?dateFrom=2025-01-31&flag=1
01 02 2025 - 20:16 - DEBUG - Получены данные из функции get_data, список srid []
01 02 2025 - 20:16 - DEBUG - Продажи за Вчера []
01 02 2025 - 20:16 - DEBUG - Проход по ссылке https://statistics-api.wildberries.ru/api/v1/supplier/orders?dateFrom=2025-01-31&flag=1
01 02 2025 - 20:16 - DEBUG - Получены данные из функции get_data, список srid []
01 02 2025 - 20:16 - DEBUG - Подключаемся к БД для получения ключа от 547089394
01 02 2025 - 20:16 - DEBUG - Проход по ссылке https://statistics-api.wildberries.ru/api/v1/supplier/orders?dateFrom=2025-01-30&flag=0
01 02 2025 - 20:16 - DEBUG - Получены данные из функции get_data, список srid []
01 02 2025 - 20:16 - DEBUG - Данные для сортировки отказов за Вчера []
01 02 2025 - 20:16 - DEBUG - Отказы за Вчера []
01 02 2025 - 20:16 - DEBUG - Проход по ссылке https://statistics-api.wildberries.ru/api/v1/supplier/sales?dateFrom=2025-01-31&flag=1
